COMMAND: CHECKING ANDROID VERSION ; PARAMETERS[adb, shell, getprop, ro.build.version.release]
COMMAND: INSTALLING APK ; PARAMETERS[adb, install, -r, ./com.adermark.forestpondfree.apk]
ERROR INSTALL APPCOMMAND:INSTALL APP; PARAMETERS./com.adermark.forestpondfree.apk
COMMAND: GETTING PACKAGE NAME ; PARAMETERS[C:\Users\stive\AppData\Local\Android\Sdk\build-tools\28.0.3\aapt, dump, badging, ./com.adermark.forestpondfree.apk]
COMMAND: GETTING MAIN ACTIVITY ; PARAMETERS[C:\Users\stive\AppData\Local\Android\Sdk\build-tools\28.0.3\aapt, dump, badging, ./com.adermark.forestpondfree.apk]
COMMAND: START ACTIVITY ; PARAMETERS[adb, shell, am, start, -n, com.adermark.forestpondfree/com.adermark.forestpondfree.LWPActivity]
COMMAND: CHEKING IF KEYBOARD IS SHOWN ; PARAMETERS[adb, shell, dumpsys, input_method, |, grep, mInputShown]
COMMAND: TAKE XML SNAPSHOT ; PARAMETERS[adb, shell, uiautomator, dump]
COMMAND: READ XML SNAPSHOT ; PARAMETERS[adb, shell, cat, /sdcard/window_dump.xml]
COMMAND: TAKE SCREENSHOT ; PARAMETERS[adb, shell, screencap, /sdcard/1.png]
COMMAND: PULL FILE ; PARAMETERS[adb, pull, /sdcard/1.png, ./output/\1.png]
COMMAND: GETTING CURRENT FOCUS ; PARAMETERS[adb, shell, dumpsys, window, |, grep, -E, 'mCurrentFocus']
COMMAND: TAKE XML SNAPSHOT ; PARAMETERS[adb, shell, uiautomator, dump]
COMMAND: PULL FILE ; PARAMETERS[adb, pull, /sdcard/window_dump.xml, ./output/\1.xml]
COMMAND: SHOW BATTERY LEVEL ; PARAMETERS[adb, shell, dumpsys, battery, |, grep, level]
COMMAND: CHEKING IF WIFI IS ENABLED ; PARAMETERS[adb, shell, dumpsys, wifi, |, grep, 'Wi-Fi is']
COMMAND: SHOW CPU USAGE ; PARAMETERS[adb, shell, dumpsys, cpuinfo, |, grep, com.adermark.forestpondfree]
COMMAND: SHOW MEMORY USAGE ; PARAMETERS[adb, shell, dumpsys, meminfo, |, grep, com.adermark.forestpondfree]
COMMAND: CHEKING IF AIRPLANE MODE IS ON ; PARAMETERS[adb, shell, dumpsys, wifi, |, grep, 'mAirplaneModeOn']
COMMAND: TAP ; PARAMETERS[adb, shell, input, tap, 720, 2300]
COMMAND: CHEKING IF KEYBOARD IS SHOWN ; PARAMETERS[adb, shell, dumpsys, input_method, |, grep, mInputShown]
COMMAND: TAKE XML SNAPSHOT ; PARAMETERS[adb, shell, uiautomator, dump]
COMMAND: READ XML SNAPSHOT ; PARAMETERS[adb, shell, cat, /sdcard/window_dump.xml]
COMMAND: CHEKING IF KEYBOARD IS SHOWN ; PARAMETERS[adb, shell, dumpsys, input_method, |, grep, mInputShown]
COMMAND: TAKE XML SNAPSHOT ; PARAMETERS[adb, shell, uiautomator, dump]
COMMAND: READ XML SNAPSHOT ; PARAMETERS[adb, shell, cat, /sdcard/window_dump.xml]
COMMAND: TAKE SCREENSHOT ; PARAMETERS[adb, shell, screencap, /sdcard/2.png]
COMMAND: PULL FILE ; PARAMETERS[adb, pull, /sdcard/2.png, ./output/\2.png]
COMMAND: GETTING CURRENT FOCUS ; PARAMETERS[adb, shell, dumpsys, window, |, grep, -E, 'mCurrentFocus']
COMMAND: TAKE XML SNAPSHOT ; PARAMETERS[adb, shell, uiautomator, dump]
COMMAND: PULL FILE ; PARAMETERS[adb, pull, /sdcard/window_dump.xml, ./output/\2.xml]
COMMAND: SHOW BATTERY LEVEL ; PARAMETERS[adb, shell, dumpsys, battery, |, grep, level]
COMMAND: CHEKING IF WIFI IS ENABLED ; PARAMETERS[adb, shell, dumpsys, wifi, |, grep, 'Wi-Fi is']
COMMAND: SHOW CPU USAGE ; PARAMETERS[adb, shell, dumpsys, cpuinfo, |, grep, com.adermark.forestpondfree]
COMMAND: SHOW MEMORY USAGE ; PARAMETERS[adb, shell, dumpsys, meminfo, |, grep, com.adermark.forestpondfree]
COMMAND: CHEKING IF AIRPLANE MODE IS ON ; PARAMETERS[adb, shell, dumpsys, wifi, |, grep, 'mAirplaneModeOn']
COMMAND: TAP ; PARAMETERS[adb, shell, input, tap, 720, 2300]
COMMAND: CHEKING IF KEYBOARD IS SHOWN ; PARAMETERS[adb, shell, dumpsys, input_method, |, grep, mInputShown]
COMMAND: TAKE XML SNAPSHOT ; PARAMETERS[adb, shell, uiautomator, dump]
COMMAND: READ XML SNAPSHOT ; PARAMETERS[adb, shell, cat, /sdcard/window_dump.xml]
COMMAND: CHEKING IF KEYBOARD IS SHOWN ; PARAMETERS[adb, shell, dumpsys, input_method, |, grep, mInputShown]
COMMAND: TAKE XML SNAPSHOT ; PARAMETERS[adb, shell, uiautomator, dump]
COMMAND: READ XML SNAPSHOT ; PARAMETERS[adb, shell, cat, /sdcard/window_dump.xml]
COMMAND: TAKE SCREENSHOT ; PARAMETERS[adb, shell, screencap, /sdcard/3.png]
COMMAND: PULL FILE ; PARAMETERS[adb, pull, /sdcard/3.png, ./output/\3.png]
COMMAND: GETTING CURRENT FOCUS ; PARAMETERS[adb, shell, dumpsys, window, |, grep, -E, 'mCurrentFocus']
COMMAND: TAP ; PARAMETERS[adb, shell, input, tap, 720, 1760]
COMMAND: CHEKING IF KEYBOARD IS SHOWN ; PARAMETERS[adb, shell, dumpsys, input_method, |, grep, mInputShown]
COMMAND: TAKE XML SNAPSHOT ; PARAMETERS[adb, shell, uiautomator, dump]
COMMAND: READ XML SNAPSHOT ; PARAMETERS[adb, shell, cat, /sdcard/window_dump.xml]
COMMAND: CHEKING IF KEYBOARD IS SHOWN ; PARAMETERS[adb, shell, dumpsys, input_method, |, grep, mInputShown]
COMMAND: TAKE XML SNAPSHOT ; PARAMETERS[adb, shell, uiautomator, dump]
COMMAND: READ XML SNAPSHOT ; PARAMETERS[adb, shell, cat, /sdcard/window_dump.xml]
COMMAND: TAKE SCREENSHOT ; PARAMETERS[adb, shell, screencap, /sdcard/3.png]
COMMAND: PULL FILE ; PARAMETERS[adb, pull, /sdcard/3.png, ./output/\3.png]
COMMAND: GETTING CURRENT FOCUS ; PARAMETERS[adb, shell, dumpsys, window, |, grep, -E, 'mCurrentFocus']
COMMAND: TAKE XML SNAPSHOT ; PARAMETERS[adb, shell, uiautomator, dump]
COMMAND: PULL FILE ; PARAMETERS[adb, pull, /sdcard/window_dump.xml, ./output/\3.xml]
COMMAND: SHOW BATTERY LEVEL ; PARAMETERS[adb, shell, dumpsys, battery, |, grep, level]
COMMAND: CHEKING IF WIFI IS ENABLED ; PARAMETERS[adb, shell, dumpsys, wifi, |, grep, 'Wi-Fi is']
COMMAND: SHOW CPU USAGE ; PARAMETERS[adb, shell, dumpsys, cpuinfo, |, grep, com.adermark.forestpondfree]
COMMAND: SHOW MEMORY USAGE ; PARAMETERS[adb, shell, dumpsys, meminfo, |, grep, com.adermark.forestpondfree]
COMMAND: CHEKING IF AIRPLANE MODE IS ON ; PARAMETERS[adb, shell, dumpsys, wifi, |, grep, 'mAirplaneModeOn']
COMMAND: TAP ; PARAMETERS[adb, shell, input, tap, 720, 2300]
COMMAND: CHEKING IF KEYBOARD IS SHOWN ; PARAMETERS[adb, shell, dumpsys, input_method, |, grep, mInputShown]
COMMAND: TAKE XML SNAPSHOT ; PARAMETERS[adb, shell, uiautomator, dump]
COMMAND: READ XML SNAPSHOT ; PARAMETERS[adb, shell, cat, /sdcard/window_dump.xml]
COMMAND: CHEKING IF KEYBOARD IS SHOWN ; PARAMETERS[adb, shell, dumpsys, input_method, |, grep, mInputShown]
COMMAND: TAKE XML SNAPSHOT ; PARAMETERS[adb, shell, uiautomator, dump]
COMMAND: READ XML SNAPSHOT ; PARAMETERS[adb, shell, cat, /sdcard/window_dump.xml]
COMMAND: TAKE SCREENSHOT ; PARAMETERS[adb, shell, screencap, /sdcard/4.png]
COMMAND: PULL FILE ; PARAMETERS[adb, pull, /sdcard/4.png, ./output/\4.png]
COMMAND: GETTING CURRENT FOCUS ; PARAMETERS[adb, shell, dumpsys, window, |, grep, -E, 'mCurrentFocus']
COMMAND: TAKE XML SNAPSHOT ; PARAMETERS[adb, shell, uiautomator, dump]
COMMAND: PULL FILE ; PARAMETERS[adb, pull, /sdcard/window_dump.xml, ./output/\4.xml]
COMMAND: SHOW BATTERY LEVEL ; PARAMETERS[adb, shell, dumpsys, battery, |, grep, level]
COMMAND: CHEKING IF WIFI IS ENABLED ; PARAMETERS[adb, shell, dumpsys, wifi, |, grep, 'Wi-Fi is']
COMMAND: SHOW CPU USAGE ; PARAMETERS[adb, shell, dumpsys, cpuinfo, |, grep, com.adermark.forestpondfree]
COMMAND: SHOW MEMORY USAGE ; PARAMETERS[adb, shell, dumpsys, meminfo, |, grep, com.adermark.forestpondfree]
COMMAND: CHEKING IF AIRPLANE MODE IS ON ; PARAMETERS[adb, shell, dumpsys, wifi, |, grep, 'mAirplaneModeOn']
COMMAND: TAP ; PARAMETERS[adb, shell, input, tap, 720, 2300]
COMMAND: CHEKING IF KEYBOARD IS SHOWN ; PARAMETERS[adb, shell, dumpsys, input_method, |, grep, mInputShown]
COMMAND: TAKE XML SNAPSHOT ; PARAMETERS[adb, shell, uiautomator, dump]
COMMAND: READ XML SNAPSHOT ; PARAMETERS[adb, shell, cat, /sdcard/window_dump.xml]
COMMAND: CHEKING IF KEYBOARD IS SHOWN ; PARAMETERS[adb, shell, dumpsys, input_method, |, grep, mInputShown]
COMMAND: TAKE XML SNAPSHOT ; PARAMETERS[adb, shell, uiautomator, dump]
COMMAND: READ XML SNAPSHOT ; PARAMETERS[adb, shell, cat, /sdcard/window_dump.xml]
COMMAND: TAKE SCREENSHOT ; PARAMETERS[adb, shell, screencap, /sdcard/5.png]
COMMAND: PULL FILE ; PARAMETERS[adb, pull, /sdcard/5.png, ./output/\5.png]
COMMAND: GETTING CURRENT FOCUS ; PARAMETERS[adb, shell, dumpsys, window, |, grep, -E, 'mCurrentFocus']
COMMAND: TAP ; PARAMETERS[adb, shell, input, tap, 720, 1760]
COMMAND: CHEKING IF KEYBOARD IS SHOWN ; PARAMETERS[adb, shell, dumpsys, input_method, |, grep, mInputShown]
COMMAND: TAKE XML SNAPSHOT ; PARAMETERS[adb, shell, uiautomator, dump]
COMMAND: READ XML SNAPSHOT ; PARAMETERS[adb, shell, cat, /sdcard/window_dump.xml]
COMMAND: CHEKING IF KEYBOARD IS SHOWN ; PARAMETERS[adb, shell, dumpsys, input_method, |, grep, mInputShown]
COMMAND: TAKE XML SNAPSHOT ; PARAMETERS[adb, shell, uiautomator, dump]
COMMAND: READ XML SNAPSHOT ; PARAMETERS[adb, shell, cat, /sdcard/window_dump.xml]
COMMAND: TAKE SCREENSHOT ; PARAMETERS[adb, shell, screencap, /sdcard/5.png]
COMMAND: PULL FILE ; PARAMETERS[adb, pull, /sdcard/5.png, ./output/\5.png]
COMMAND: GETTING CURRENT FOCUS ; PARAMETERS[adb, shell, dumpsys, window, |, grep, -E, 'mCurrentFocus']
COMMAND: TAP ; PARAMETERS[adb, shell, input, tap, 720, 1760]
COMMAND: CHEKING IF KEYBOARD IS SHOWN ; PARAMETERS[adb, shell, dumpsys, input_method, |, grep, mInputShown]
COMMAND: TAKE XML SNAPSHOT ; PARAMETERS[adb, shell, uiautomator, dump]
COMMAND: READ XML SNAPSHOT ; PARAMETERS[adb, shell, cat, /sdcard/window_dump.xml]
COMMAND: CHEKING IF KEYBOARD IS SHOWN ; PARAMETERS[adb, shell, dumpsys, input_method, |, grep, mInputShown]
COMMAND: TAKE XML SNAPSHOT ; PARAMETERS[adb, shell, uiautomator, dump]
COMMAND: READ XML SNAPSHOT ; PARAMETERS[adb, shell, cat, /sdcard/window_dump.xml]
COMMAND: TAKE SCREENSHOT ; PARAMETERS[adb, shell, screencap, /sdcard/5.png]
COMMAND: PULL FILE ; PARAMETERS[adb, pull, /sdcard/5.png, ./output/\5.png]
COMMAND: GETTING CURRENT FOCUS ; PARAMETERS[adb, shell, dumpsys, window, |, grep, -E, 'mCurrentFocus']
COMMAND: TAP ; PARAMETERS[adb, shell, input, tap, 720, 1425]
COMMAND: CHEKING IF KEYBOARD IS SHOWN ; PARAMETERS[adb, shell, dumpsys, input_method, |, grep, mInputShown]
COMMAND: TAKE XML SNAPSHOT ; PARAMETERS[adb, shell, uiautomator, dump]
COMMAND: READ XML SNAPSHOT ; PARAMETERS[adb, shell, cat, /sdcard/window_dump.xml]
COMMAND: CHEKING IF KEYBOARD IS SHOWN ; PARAMETERS[adb, shell, dumpsys, input_method, |, grep, mInputShown]
COMMAND: TAKE XML SNAPSHOT ; PARAMETERS[adb, shell, uiautomator, dump]
COMMAND: READ XML SNAPSHOT ; PARAMETERS[adb, shell, cat, /sdcard/window_dump.xml]
COMMAND: TAKE SCREENSHOT ; PARAMETERS[adb, shell, screencap, /sdcard/5.png]
COMMAND: PULL FILE ; PARAMETERS[adb, pull, /sdcard/5.png, ./output/\5.png]
COMMAND: GETTING CURRENT FOCUS ; PARAMETERS[adb, shell, dumpsys, window, |, grep, -E, 'mCurrentFocus']
COMMAND: TAKE XML SNAPSHOT ; PARAMETERS[adb, shell, uiautomator, dump]
COMMAND: PULL FILE ; PARAMETERS[adb, pull, /sdcard/window_dump.xml, ./output/\5.xml]
COMMAND: SHOW BATTERY LEVEL ; PARAMETERS[adb, shell, dumpsys, battery, |, grep, level]
COMMAND: CHEKING IF WIFI IS ENABLED ; PARAMETERS[adb, shell, dumpsys, wifi, |, grep, 'Wi-Fi is']
COMMAND: SHOW CPU USAGE ; PARAMETERS[adb, shell, dumpsys, cpuinfo, |, grep, com.adermark.forestpondfree]
COMMAND: SHOW MEMORY USAGE ; PARAMETERS[adb, shell, dumpsys, meminfo, |, grep, com.adermark.forestpondfree]
COMMAND: CHEKING IF AIRPLANE MODE IS ON ; PARAMETERS[adb, shell, dumpsys, wifi, |, grep, 'mAirplaneModeOn']
COMMAND: TAP ; PARAMETERS[adb, shell, input, tap, 720, 2204]
COMMAND: CHEKING IF KEYBOARD IS SHOWN ; PARAMETERS[adb, shell, dumpsys, input_method, |, grep, mInputShown]
COMMAND: TAKE XML SNAPSHOT ; PARAMETERS[adb, shell, uiautomator, dump]
COMMAND: READ XML SNAPSHOT ; PARAMETERS[adb, shell, cat, /sdcard/window_dump.xml]
COMMAND: TAP ; PARAMETERS[adb, shell, input, tap, 720, 1425]
COMMAND: CHEKING IF KEYBOARD IS SHOWN ; PARAMETERS[adb, shell, dumpsys, input_method, |, grep, mInputShown]
COMMAND: TAKE XML SNAPSHOT ; PARAMETERS[adb, shell, uiautomator, dump]
COMMAND: READ XML SNAPSHOT ; PARAMETERS[adb, shell, cat, /sdcard/window_dump.xml]
COMMAND: CHEKING IF KEYBOARD IS SHOWN ; PARAMETERS[adb, shell, dumpsys, input_method, |, grep, mInputShown]
COMMAND: TAKE XML SNAPSHOT ; PARAMETERS[adb, shell, uiautomator, dump]
COMMAND: READ XML SNAPSHOT ; PARAMETERS[adb, shell, cat, /sdcard/window_dump.xml]
COMMAND: TAKE SCREENSHOT ; PARAMETERS[adb, shell, screencap, /sdcard/6.png]
COMMAND: PULL FILE ; PARAMETERS[adb, pull, /sdcard/6.png, ./output/\6.png]
COMMAND: GETTING CURRENT FOCUS ; PARAMETERS[adb, shell, dumpsys, window, |, grep, -E, 'mCurrentFocus']
COMMAND: TAP ; PARAMETERS[adb, shell, input, tap, 720, 1425]
COMMAND: CHEKING IF KEYBOARD IS SHOWN ; PARAMETERS[adb, shell, dumpsys, input_method, |, grep, mInputShown]
COMMAND: TAKE XML SNAPSHOT ; PARAMETERS[adb, shell, uiautomator, dump]
COMMAND: READ XML SNAPSHOT ; PARAMETERS[adb, shell, cat, /sdcard/window_dump.xml]
COMMAND: CHEKING IF KEYBOARD IS SHOWN ; PARAMETERS[adb, shell, dumpsys, input_method, |, grep, mInputShown]
COMMAND: TAKE XML SNAPSHOT ; PARAMETERS[adb, shell, uiautomator, dump]
COMMAND: READ XML SNAPSHOT ; PARAMETERS[adb, shell, cat, /sdcard/window_dump.xml]
COMMAND: TAKE SCREENSHOT ; PARAMETERS[adb, shell, screencap, /sdcard/6.png]
COMMAND: PULL FILE ; PARAMETERS[adb, pull, /sdcard/6.png, ./output/\6.png]
COMMAND: GETTING CURRENT FOCUS ; PARAMETERS[adb, shell, dumpsys, window, |, grep, -E, 'mCurrentFocus']
COMMAND: SCROLL ; PARAMETERS[adb, shell, input, swipe, 912, 776, 70, 776, 1000]
COMMAND: CHEKING IF KEYBOARD IS SHOWN ; PARAMETERS[adb, shell, dumpsys, input_method, |, grep, mInputShown]
COMMAND: TAKE XML SNAPSHOT ; PARAMETERS[adb, shell, uiautomator, dump]
COMMAND: READ XML SNAPSHOT ; PARAMETERS[adb, shell, cat, /sdcard/window_dump.xml]
COMMAND: CHEKING IF KEYBOARD IS SHOWN ; PARAMETERS[adb, shell, dumpsys, input_method, |, grep, mInputShown]
COMMAND: TAKE XML SNAPSHOT ; PARAMETERS[adb, shell, uiautomator, dump]
COMMAND: READ XML SNAPSHOT ; PARAMETERS[adb, shell, cat, /sdcard/window_dump.xml]
COMMAND: TAKE SCREENSHOT ; PARAMETERS[adb, shell, screencap, /sdcard/6.png]
COMMAND: PULL FILE ; PARAMETERS[adb, pull, /sdcard/6.png, ./output/\6.png]
COMMAND: GO BACK ; PARAMETERS[adb, shell, input, keyevent, 4]
COMMAND: GETTING CURRENT FOCUS ; PARAMETERS[adb, shell, dumpsys, window, |, grep, -E, 'mCurrentFocus']
COMMAND: TAP ; PARAMETERS[adb, shell, input, tap, 720, 1080]
COMMAND: CHEKING IF KEYBOARD IS SHOWN ; PARAMETERS[adb, shell, dumpsys, input_method, |, grep, mInputShown]
COMMAND: TAKE XML SNAPSHOT ; PARAMETERS[adb, shell, uiautomator, dump]
COMMAND: READ XML SNAPSHOT ; PARAMETERS[adb, shell, cat, /sdcard/window_dump.xml]
COMMAND: CHEKING IF KEYBOARD IS SHOWN ; PARAMETERS[adb, shell, dumpsys, input_method, |, grep, mInputShown]
COMMAND: TAKE XML SNAPSHOT ; PARAMETERS[adb, shell, uiautomator, dump]
COMMAND: READ XML SNAPSHOT ; PARAMETERS[adb, shell, cat, /sdcard/window_dump.xml]
COMMAND: TAKE SCREENSHOT ; PARAMETERS[adb, shell, screencap, /sdcard/6.png]
COMMAND: PULL FILE ; PARAMETERS[adb, pull, /sdcard/6.png, ./output/\6.png]
COMMAND: GETTING CURRENT FOCUS ; PARAMETERS[adb, shell, dumpsys, window, |, grep, -E, 'mCurrentFocus']
COMMAND: TAKE XML SNAPSHOT ; PARAMETERS[adb, shell, uiautomator, dump]
COMMAND: PULL FILE ; PARAMETERS[adb, pull, /sdcard/window_dump.xml, ./output/\6.xml]
COMMAND: SHOW BATTERY LEVEL ; PARAMETERS[adb, shell, dumpsys, battery, |, grep, level]
COMMAND: CHEKING IF WIFI IS ENABLED ; PARAMETERS[adb, shell, dumpsys, wifi, |, grep, 'Wi-Fi is']
COMMAND: SHOW CPU USAGE ; PARAMETERS[adb, shell, dumpsys, cpuinfo, |, grep, com.adermark.forestpondfree]
COMMAND: SHOW MEMORY USAGE ; PARAMETERS[adb, shell, dumpsys, meminfo, |, grep, com.adermark.forestpondfree]
COMMAND: CHEKING IF AIRPLANE MODE IS ON ; PARAMETERS[adb, shell, dumpsys, wifi, |, grep, 'mAirplaneModeOn']
COMMAND: GO BACK ; PARAMETERS[adb, shell, input, keyevent, 4]
COMMAND: CHEKING IF KEYBOARD IS SHOWN ; PARAMETERS[adb, shell, dumpsys, input_method, |, grep, mInputShown]
COMMAND: TAKE XML SNAPSHOT ; PARAMETERS[adb, shell, uiautomator, dump]
COMMAND: READ XML SNAPSHOT ; PARAMETERS[adb, shell, cat, /sdcard/window_dump.xml]
COMMAND: CHEKING DEVICE DIMENSIONS ; PARAMETERS[adb, shell, wm, size]
COMMAND: CHEKING IF KEYBOARD IS SHOWN ; PARAMETERS[adb, shell, dumpsys, input_method, |, grep, mInputShown]
COMMAND: TAKE XML SNAPSHOT ; PARAMETERS[adb, shell, uiautomator, dump]
COMMAND: READ XML SNAPSHOT ; PARAMETERS[adb, shell, cat, /sdcard/window_dump.xml]
COMMAND: TAKE SCREENSHOT ; PARAMETERS[adb, shell, screencap, /sdcard/7.png]
COMMAND: PULL FILE ; PARAMETERS[adb, pull, /sdcard/7.png, ./output/\7.png]
COMMAND: GETTING CURRENT FOCUS ; PARAMETERS[adb, shell, dumpsys, window, |, grep, -E, 'mCurrentFocus']
COMMAND: TAP ; PARAMETERS[adb, shell, input, tap, 720, 748]
COMMAND: CHEKING IF KEYBOARD IS SHOWN ; PARAMETERS[adb, shell, dumpsys, input_method, |, grep, mInputShown]
COMMAND: TAKE XML SNAPSHOT ; PARAMETERS[adb, shell, uiautomator, dump]
COMMAND: READ XML SNAPSHOT ; PARAMETERS[adb, shell, cat, /sdcard/window_dump.xml]
COMMAND: CHEKING IF KEYBOARD IS SHOWN ; PARAMETERS[adb, shell, dumpsys, input_method, |, grep, mInputShown]
COMMAND: TAKE XML SNAPSHOT ; PARAMETERS[adb, shell, uiautomator, dump]
COMMAND: READ XML SNAPSHOT ; PARAMETERS[adb, shell, cat, /sdcard/window_dump.xml]
COMMAND: TAKE SCREENSHOT ; PARAMETERS[adb, shell, screencap, /sdcard/7.png]
COMMAND: PULL FILE ; PARAMETERS[adb, pull, /sdcard/7.png, ./output/\7.png]
COMMAND: GO BACK ; PARAMETERS[adb, shell, input, keyevent, 4]
COMMAND: GETTING CURRENT FOCUS ; PARAMETERS[adb, shell, dumpsys, window, |, grep, -E, 'mCurrentFocus']
COMMAND: TAP ; PARAMETERS[adb, shell, input, tap, 720, 551]
COMMAND: CHEKING IF KEYBOARD IS SHOWN ; PARAMETERS[adb, shell, dumpsys, input_method, |, grep, mInputShown]
COMMAND: TAKE XML SNAPSHOT ; PARAMETERS[adb, shell, uiautomator, dump]
COMMAND: READ XML SNAPSHOT ; PARAMETERS[adb, shell, cat, /sdcard/window_dump.xml]
COMMAND: CHEKING IF KEYBOARD IS SHOWN ; PARAMETERS[adb, shell, dumpsys, input_method, |, grep, mInputShown]
COMMAND: TAKE XML SNAPSHOT ; PARAMETERS[adb, shell, uiautomator, dump]
COMMAND: READ XML SNAPSHOT ; PARAMETERS[adb, shell, cat, /sdcard/window_dump.xml]
COMMAND: TAKE SCREENSHOT ; PARAMETERS[adb, shell, screencap, /sdcard/7.png]
COMMAND: PULL FILE ; PARAMETERS[adb, pull, /sdcard/7.png, ./output/\7.png]
COMMAND: GO BACK ; PARAMETERS[adb, shell, input, keyevent, 4]
COMMAND: GETTING CURRENT FOCUS ; PARAMETERS[adb, shell, dumpsys, window, |, grep, -E, 'mCurrentFocus']
COMMAND: TAP ; PARAMETERS[adb, shell, input, tap, 720, 361]
COMMAND: CHEKING IF KEYBOARD IS SHOWN ; PARAMETERS[adb, shell, dumpsys, input_method, |, grep, mInputShown]
COMMAND: TAKE XML SNAPSHOT ; PARAMETERS[adb, shell, uiautomator, dump]
COMMAND: READ XML SNAPSHOT ; PARAMETERS[adb, shell, cat, /sdcard/window_dump.xml]
COMMAND: CHEKING IF KEYBOARD IS SHOWN ; PARAMETERS[adb, shell, dumpsys, input_method, |, grep, mInputShown]
COMMAND: TAKE XML SNAPSHOT ; PARAMETERS[adb, shell, uiautomator, dump]
COMMAND: READ XML SNAPSHOT ; PARAMETERS[adb, shell, cat, /sdcard/window_dump.xml]
COMMAND: TAKE SCREENSHOT ; PARAMETERS[adb, shell, screencap, /sdcard/7.png]
COMMAND: PULL FILE ; PARAMETERS[adb, pull, /sdcard/7.png, ./output/\7.png]
COMMAND: GO BACK ; PARAMETERS[adb, shell, input, keyevent, 4]
COMMAND: GETTING CURRENT FOCUS ; PARAMETERS[adb, shell, dumpsys, window, |, grep, -E, 'mCurrentFocus']
COMMAND: SCROLL ; PARAMETERS[adb, shell, input, swipe, 960, 1594, 0, 1594, 1000]
COMMAND: CHEKING IF KEYBOARD IS SHOWN ; PARAMETERS[adb, shell, dumpsys, input_method, |, grep, mInputShown]
COMMAND: TAKE XML SNAPSHOT ; PARAMETERS[adb, shell, uiautomator, dump]
COMMAND: READ XML SNAPSHOT ; PARAMETERS[adb, shell, cat, /sdcard/window_dump.xml]
COMMAND: CHEKING IF KEYBOARD IS SHOWN ; PARAMETERS[adb, shell, dumpsys, input_method, |, grep, mInputShown]
COMMAND: TAKE XML SNAPSHOT ; PARAMETERS[adb, shell, uiautomator, dump]
COMMAND: READ XML SNAPSHOT ; PARAMETERS[adb, shell, cat, /sdcard/window_dump.xml]
COMMAND: TAKE SCREENSHOT ; PARAMETERS[adb, shell, screencap, /sdcard/7.png]
COMMAND: PULL FILE ; PARAMETERS[adb, pull, /sdcard/7.png, ./output/\7.png]
COMMAND: GO BACK ; PARAMETERS[adb, shell, input, keyevent, 4]
COMMAND: GETTING CURRENT FOCUS ; PARAMETERS[adb, shell, dumpsys, window, |, grep, -E, 'mCurrentFocus']
COMMAND: GO BACK ; PARAMETERS[adb, shell, input, keyevent, 4]
COMMAND: CHEKING IF KEYBOARD IS SHOWN ; PARAMETERS[adb, shell, dumpsys, input_method, |, grep, mInputShown]
COMMAND: TAKE XML SNAPSHOT ; PARAMETERS[adb, shell, uiautomator, dump]
COMMAND: READ XML SNAPSHOT ; PARAMETERS[adb, shell, cat, /sdcard/window_dump.xml]
COMMAND: CHEKING DEVICE DIMENSIONS ; PARAMETERS[adb, shell, wm, size]
COMMAND: CHEKING IF KEYBOARD IS SHOWN ; PARAMETERS[adb, shell, dumpsys, input_method, |, grep, mInputShown]
COMMAND: TAKE XML SNAPSHOT ; PARAMETERS[adb, shell, uiautomator, dump]
COMMAND: READ XML SNAPSHOT ; PARAMETERS[adb, shell, cat, /sdcard/window_dump.xml]
COMMAND: TAKE SCREENSHOT ; PARAMETERS[adb, shell, screencap, /sdcard/7.png]
COMMAND: PULL FILE ; PARAMETERS[adb, pull, /sdcard/7.png, ./output/\7.png]
COMMAND: GO BACK ; PARAMETERS[adb, shell, input, keyevent, 4]
COMMAND: GETTING CURRENT FOCUS ; PARAMETERS[adb, shell, dumpsys, window, |, grep, -E, 'mCurrentFocus']
COMMAND: CHEKING DEVICE DIMENSIONS ; PARAMETERS[adb, shell, wm, size]
COMMAND: CHECKING ANDROID VERSION ; PARAMETERS[adb, shell, getprop, ro.build.version.release]
COMMAND: GET DEVICE RESOLUTION ; PARAMETERS[adb, shell, wm, density]
COMMAND: GET CURRENT ORIENTATION ; PARAMETERS[adb, shell, dumpsys, input, |, grep, 'SurfaceOrientation']
COMMAND: CHEKING DEVICE DIMENSIONS ; PARAMETERS[adb, shell, wm, size]
COMMAND: CLEAR DATA ; PARAMETERS[adb, shell, pm, clear, com.adermark.forestpondfree]
COMMAND: UNINSTALL APK ; PARAMETERS[adb, uninstall, com.adermark.forestpondfree]
