command: INSTALL APP; parameters: Spunky.apk; 2018-05-06 23:19:33.967
command: START APP; parameters: com.ppg.spunky_java/com.ppg.spunky_java.MainActivity; 2018-05-06 23:19:34.038
command: GET CURRENT ORIENTATION; parameters: none; 2018-05-06 23:19:34.1
CURRENT ORIENTATION: Portrait
command: GET DEVICE RESOLUTION; parameters: none; 2018-05-06 23:19:34.542
DEVICE RESOLUTION: 420
command: TAKE XML SNAPSHOT; parameters: ./generated/b13/2018-05-0623:19:34.542.xml; 2018-05-06 23:19:35.995
command: GETTING CURRENT FOCUS; parameters: none; 2018-05-06 23:19:36.081
CURRENT FOCUS: com.ppg.spunky_java/com.ppg.spunky_java.MainActivity
command: GETTING FOCUSED APP; parameters: none; 2018-05-06 23:19:36.119
FOCUSED ACTIVITY: com.ppg.spunky_java/.MainActivity
command: PULL SCREENSHOT; parameters: /sdcard/2018-05-0623:19:34.542.png, /sdcard/2018-05-0623:19:34.542.png, ./generated/b13/2018-05-0623:19:34.542.png; 2018-05-06 23:19:36.747
command: TAP; parameters: 513, 1581; 2018-05-06 23:19:36.791; id: com.ppg.spunky_java:id/BUnirse
command: TAKE XML SNAPSHOT; parameters: ./generated/b13/2018-05-0623:19:37.13.xml; 2018-05-06 23:19:38.58
command: GETTING CURRENT FOCUS; parameters: none; 2018-05-06 23:19:38.629
CURRENT FOCUS: com.ppg.spunky_java/com.ppg.spunky_java.MainActivity
command: GETTING FOCUSED APP; parameters: none; 2018-05-06 23:19:38.67
FOCUSED ACTIVITY: com.ppg.spunky_java/.MainActivity
command: PULL SCREENSHOT; parameters: /sdcard/2018-05-0623:19:37.13.png, /sdcard/2018-05-0623:19:37.13.png, ./generated/b13/2018-05-0623:19:37.13.png; 2018-05-06 23:19:39.142
command: TAP; parameters: 752, 1163; 2018-05-06 23:19:39.188; id: android:id/button3
command: TAKE XML SNAPSHOT; parameters: ./generated/b13/2018-05-0623:19:39.566.xml; 2018-05-06 23:19:40.999
command: GETTING CURRENT FOCUS; parameters: none; 2018-05-06 23:19:41.049
CURRENT FOCUS: com.ppg.spunky_java/com.ppg.spunky_java.MainActivity
command: GETTING FOCUSED APP; parameters: none; 2018-05-06 23:19:41.087
FOCUSED ACTIVITY: com.ppg.spunky_java/.MainActivity
command: PULL SCREENSHOT; parameters: /sdcard/2018-05-0623:19:39.566.png, /sdcard/2018-05-0623:19:39.566.png, ./generated/b13/2018-05-0623:19:39.566.png; 2018-05-06 23:19:41.552
command: TAP; parameters: 277, 1064; 2018-05-06 23:19:41.59; id: android:id/button3
command: TAKE XML SNAPSHOT; parameters: ./generated/b13/2018-05-0623:19:41.921.xml; 2018-05-06 23:19:43.302
command: GETTING CURRENT FOCUS; parameters: none; 2018-05-06 23:19:43.344
CURRENT FOCUS: com.ppg.spunky_java/com.ppg.spunky_java.MainActivity
command: GETTING FOCUSED APP; parameters: none; 2018-05-06 23:19:43.388
FOCUSED ACTIVITY: com.ppg.spunky_java/.MainActivity
command: PULL SCREENSHOT; parameters: /sdcard/2018-05-0623:19:41.921.png, /sdcard/2018-05-0623:19:41.921.png, ./generated/b13/2018-05-0623:19:41.921.png; 2018-05-06 23:19:44.013
command: TAP; parameters: 657, 1374; 2018-05-06 23:19:44.049; id: com.ppg.spunky_java:id/BCrear
END OF EXECUTION