command: GET ANDROID VERSION; parameters: none; 2018-07-30 14:29:00.618
command: INSTALL APP; parameters: ./androidApps/Spunky.apk; 2018-07-30 14:29:02.464
command: START APP; parameters: com.ppg.spunky_java/com.ppg.spunky_java.MainActivity; 2018-07-30 14:29:02.504
command: GET CURRENT ORIENTATION; parameters: none; 2018-07-30 14:29:02.556
command: GET DEVICE RESOLUTION; parameters: none; 2018-07-30 14:29:02.974
command: GET DEVICE DIMENSIONS; parameters: none; 2018-07-30 14:29:03.364
command: TAKE XML SNAPSHOT; parameters: ./generated/ab5/2018-07-3014:29:04.705.xml; 2018-07-30 14:29:06.053
command: GETTING CURRENT FOCUS; parameters: none; 2018-07-30 14:29:06.134
CURRENT FOCUS: com.ppg.spunky_java/com.ppg.spunky_java.MainActivity
command: GETTING FOCUSED APP; parameters: none; 2018-07-30 14:29:06.173
FOCUSED ACTIVITY: com.ppg.spunky_java/.MainActivity
command: PULL SCREENSHOT; parameters: /sdcard/2018-07-3014:29:04.705.png, /sdcard/2018-07-3014:29:04.705.png, ./generated/ab5/2018-07-3014:29:04.705.png; 2018-07-30 14:29:06.76
command: TAP; parameters: 894, 1161; 2018-07-30 14:29:06.803; id: com.ppg.spunky_java:id/BJugar
command: TAKE XML SNAPSHOT; parameters: ./generated/ab5/2018-07-3014:29:08.063.xml; 2018-07-30 14:29:09.412
command: GETTING CURRENT FOCUS; parameters: none; 2018-07-30 14:29:09.464
CURRENT FOCUS: com.ppg.spunky_java/com.ppg.spunky_java.EscogerGrupoActivity
command: GETTING FOCUSED APP; parameters: none; 2018-07-30 14:29:09.503
FOCUSED ACTIVITY: com.ppg.spunky_java/.EscogerGrupoActivity
command: PULL SCREENSHOT; parameters: /sdcard/2018-07-3014:29:08.063.png, /sdcard/2018-07-3014:29:08.063.png, ./generated/ab5/2018-07-3014:29:08.063.png; 2018-07-30 14:29:09.846
command: TAP; parameters: 372, 330; 2018-07-30 14:29:10.161; id: com.ppg.spunky_java:id/RAmigos
command: TAP; parameters: 642, 478; 2018-07-30 14:29:10.452; id: com.ppg.spunky_java:id/RFamilia
command: TAP; parameters: 622, 553; 2018-07-30 14:29:10.787; id: com.ppg.spunky_java:id/RTrabajo
command: TAP; parameters: 650, 627; 2018-07-30 14:29:11.161; id: com.ppg.spunky_java:id/RDesconocidos
command: TAP; parameters: 61, 994; 2018-07-30 14:29:11.5; id: com.ppg.spunky_java:id/CMenores
command: TAP; parameters: 768, 1076; 2018-07-30 14:29:11.837; id: com.ppg.spunky_java:id/CJovenes
command: TAP; parameters: 454, 1276; 2018-07-30 14:29:12.141; id: com.ppg.spunky_java:id/CAdultos
command: TAP; parameters: 432, 1320; 2018-07-30 14:29:12.434; id: com.ppg.spunky_java:id/CMayores
command: TAP; parameters: 269, 1630; 2018-07-30 14:29:12.435; id: com.ppg.spunky_java:id/BSiguiente
APP CRASHED:   mCurrentFocus=Window{ccb57ed u0 Application Error: com.ppg.spunky_java}
; 2018-07-30 14:29:15.277
command: CLEAR DATA; parameters:com.ppg.spunky_java; 2018-07-30 14:29:15.87
command: START APP; parameters:com.ppg.spunky_java/com.ppg.spunky_java.MainActivity; 2018-07-30 14:29:15.964
command: TAKE XML SNAPSHOT; parameters: ./generated/ab5/2018-07-3014:29:17.375.xml; 2018-07-30 14:29:18.809
command: GETTING CURRENT FOCUS; parameters: none; 2018-07-30 14:29:18.855
CURRENT FOCUS: com.ppg.spunky_java/com.ppg.spunky_java.MainActivity
command: GETTING FOCUSED APP; parameters: none; 2018-07-30 14:29:18.893
FOCUSED ACTIVITY: com.ppg.spunky_java/.MainActivity
THE STATE HAS BEEN VISITED EARLIER
command: TAP; parameters: 231, 1566; 2018-07-30 14:29:18.943; id: com.ppg.spunky_java:id/BUnirse
command: TAKE XML SNAPSHOT; parameters: ./generated/ab5/2018-07-3014:29:20.197.xml; 2018-07-30 14:29:21.576
command: GETTING CURRENT FOCUS; parameters: none; 2018-07-30 14:29:21.623
CURRENT FOCUS: com.ppg.spunky_java/com.ppg.spunky_java.MainActivity
command: GETTING FOCUSED APP; parameters: none; 2018-07-30 14:29:21.665
FOCUSED ACTIVITY: com.ppg.spunky_java/.MainActivity
command: PULL SCREENSHOT; parameters: /sdcard/2018-07-3014:29:20.197.png, /sdcard/2018-07-3014:29:20.197.png, ./generated/ab5/2018-07-3014:29:20.197.png; 2018-07-30 14:29:22.097
command: TAP; parameters: 465, 1023; 2018-07-30 14:29:22.146; id: android:id/button1
command: TAKE XML SNAPSHOT; parameters: ./generated/ab5/2018-07-3014:29:23.553.xml; 2018-07-30 14:29:24.926
command: GETTING CURRENT FOCUS; parameters: none; 2018-07-30 14:29:24.975
CURRENT FOCUS: com.ppg.spunky_java/com.ppg.spunky_java.UnirseActivity
command: GETTING FOCUSED APP; parameters: none; 2018-07-30 14:29:25.013
FOCUSED ACTIVITY: com.ppg.spunky_java/.UnirseActivity
command: PULL SCREENSHOT; parameters: /sdcard/2018-07-3014:29:23.553.png, /sdcard/2018-07-3014:29:23.553.png, ./generated/ab5/2018-07-3014:29:23.553.png; 2018-07-30 14:29:25.526
command: TAP; parameters: 746, 628; 2018-07-30 14:29:25.871; id: com.ppg.spunky_java:id/editTextApodo
command: ENTER INPUT; parameters: Wfz; 2018-07-30 14:29:26.905
command: GO BACK; parameters: none; 2018-07-30 14:29:27.368
command: TAP; parameters: 272, 1307; 2018-07-30 14:29:27.738; id: com.ppg.spunky_java:id/editTextUnirse
command: ENTER INPUT; parameters: 24; 2018-07-30 14:29:28.319
command: GO BACK; parameters: none; 2018-07-30 14:29:28.611
command: TAP; parameters: 777, 1592; 2018-07-30 14:29:28.612; id: com.ppg.spunky_java:id/buttonJugar
command: TAKE XML SNAPSHOT; parameters: ./generated/ab5/2018-07-3014:29:30.005.xml; 2018-07-30 14:29:31.362
command: GETTING CURRENT FOCUS; parameters: none; 2018-07-30 14:29:31.398
CURRENT FOCUS: com.ppg.spunky_java/com.ppg.spunky_java.UnirseActivity
command: GETTING FOCUSED APP; parameters: none; 2018-07-30 14:29:31.433
FOCUSED ACTIVITY: com.ppg.spunky_java/.UnirseActivity
command: PULL SCREENSHOT; parameters: /sdcard/2018-07-3014:29:30.005.png, /sdcard/2018-07-3014:29:30.005.png, ./generated/ab5/2018-07-3014:29:30.005.png; 2018-07-30 14:29:31.955
command: TAP; parameters: 201, 543; 2018-07-30 14:29:32.279; id: com.ppg.spunky_java:id/editTextApodo
command: ENTER INPUT; parameters: Iro; 2018-07-30 14:29:32.882
command: GO BACK; parameters: none; 2018-07-30 14:29:33.184
command: TAP; parameters: 634, 1234; 2018-07-30 14:29:33.502; id: com.ppg.spunky_java:id/editTextUnirse
command: ENTER INPUT; parameters: 46; 2018-07-30 14:29:33.959
command: GO BACK; parameters: none; 2018-07-30 14:29:34.252
command: TAP; parameters: 479, 1580; 2018-07-30 14:29:34.253; id: com.ppg.spunky_java:id/buttonJugar
command: TAKE XML SNAPSHOT; parameters: ./generated/ab5/2018-07-3014:29:35.634.xml; 2018-07-30 14:29:37.004
command: GETTING CURRENT FOCUS; parameters: none; 2018-07-30 14:29:37.057
CURRENT FOCUS: com.ppg.spunky_java/com.ppg.spunky_java.UnirseActivity
command: GETTING FOCUSED APP; parameters: none; 2018-07-30 14:29:37.094
FOCUSED ACTIVITY: com.ppg.spunky_java/.UnirseActivity
command: PULL SCREENSHOT; parameters: /sdcard/2018-07-3014:29:35.634.png, /sdcard/2018-07-3014:29:35.634.png, ./generated/ab5/2018-07-3014:29:35.634.png; 2018-07-30 14:29:37.609
command: TAP; parameters: 583, 460; 2018-07-30 14:29:37.922; id: com.ppg.spunky_java:id/editTextApodo
command: ENTER INPUT; parameters: Mvv; 2018-07-30 14:29:38.419
command: GO BACK; parameters: none; 2018-07-30 14:29:38.701
command: TAP; parameters: 231, 1319; 2018-07-30 14:29:38.997; id: com.ppg.spunky_java:id/editTextUnirse
command: ENTER INPUT; parameters: 2; 2018-07-30 14:29:39.502
command: GO BACK; parameters: none; 2018-07-30 14:29:39.795
command: TAP; parameters: 566, 1585; 2018-07-30 14:29:39.796; id: com.ppg.spunky_java:id/buttonJugar
command: TAKE XML SNAPSHOT; parameters: ./generated/ab5/2018-07-3014:29:41.098.xml; 2018-07-30 14:29:42.435
command: GETTING CURRENT FOCUS; parameters: none; 2018-07-30 14:29:42.476
CURRENT FOCUS: com.ppg.spunky_java/com.ppg.spunky_java.UnirseActivity
command: GETTING FOCUSED APP; parameters: none; 2018-07-30 14:29:42.513
FOCUSED ACTIVITY: com.ppg.spunky_java/.UnirseActivity
command: PULL SCREENSHOT; parameters: /sdcard/2018-07-3014:29:41.098.png, /sdcard/2018-07-3014:29:41.098.png, ./generated/ab5/2018-07-3014:29:41.098.png; 2018-07-30 14:29:43.021
command: TAP; parameters: 12, 531; 2018-07-30 14:29:43.341; id: com.ppg.spunky_java:id/editTextApodo
command: ENTER INPUT; parameters: Hwx; 2018-07-30 14:29:43.872
command: GO BACK; parameters: none; 2018-07-30 14:29:44.135
command: TAP; parameters: 474, 1169; 2018-07-30 14:29:44.429; id: com.ppg.spunky_java:id/editTextUnirse
command: ENTER INPUT; parameters: 24; 2018-07-30 14:29:44.879
command: GO BACK; parameters: none; 2018-07-30 14:29:45.151
command: TAP; parameters: 120, 1616; 2018-07-30 14:29:45.155; id: com.ppg.spunky_java:id/buttonJugar
command: TAKE XML SNAPSHOT; parameters: ./generated/ab5/2018-07-3014:29:46.483.xml; 2018-07-30 14:29:47.856
command: GETTING CURRENT FOCUS; parameters: none; 2018-07-30 14:29:47.903
CURRENT FOCUS: com.ppg.spunky_java/com.ppg.spunky_java.UnirseActivity
command: GETTING FOCUSED APP; parameters: none; 2018-07-30 14:29:47.944
FOCUSED ACTIVITY: com.ppg.spunky_java/.UnirseActivity
command: PULL SCREENSHOT; parameters: /sdcard/2018-07-3014:29:46.483.png, /sdcard/2018-07-3014:29:46.483.png, ./generated/ab5/2018-07-3014:29:46.483.png; 2018-07-30 14:29:48.456
command: TAP; parameters: 619, 626; 2018-07-30 14:29:48.766; id: com.ppg.spunky_java:id/editTextApodo
command: ENTER INPUT; parameters: Eva; 2018-07-30 14:29:49.267
command: GO BACK; parameters: none; 2018-07-30 14:29:49.546
command: TAP; parameters: 1057, 1195; 2018-07-30 14:29:49.832; id: com.ppg.spunky_java:id/editTextUnirse
command: ENTER INPUT; parameters: 75; 2018-07-30 14:29:50.296
command: GO BACK; parameters: none; 2018-07-30 14:29:50.581
command: TAP; parameters: 962, 1554; 2018-07-30 14:29:50.582; id: com.ppg.spunky_java:id/buttonJugar
command: TAKE XML SNAPSHOT; parameters: ./generated/ab5/2018-07-3014:29:51.945.xml; 2018-07-30 14:29:53.292
command: GETTING CURRENT FOCUS; parameters: none; 2018-07-30 14:29:53.343
CURRENT FOCUS: com.ppg.spunky_java/com.ppg.spunky_java.UnirseActivity
command: GETTING FOCUSED APP; parameters: none; 2018-07-30 14:29:53.392
FOCUSED ACTIVITY: com.ppg.spunky_java/.UnirseActivity
command: PULL SCREENSHOT; parameters: /sdcard/2018-07-3014:29:51.945.png, /sdcard/2018-07-3014:29:51.945.png, ./generated/ab5/2018-07-3014:29:51.945.png; 2018-07-30 14:29:53.897
command: TAP; parameters: 991, 632; 2018-07-30 14:29:54.222; id: com.ppg.spunky_java:id/editTextApodo
command: ENTER INPUT; parameters: Xwu; 2018-07-30 14:29:54.775
command: GO BACK; parameters: none; 2018-07-30 14:29:55.091
command: TAP; parameters: 448, 1280; 2018-07-30 14:29:55.398; id: com.ppg.spunky_java:id/editTextUnirse
command: ENTER INPUT; parameters: 73; 2018-07-30 14:29:55.843
command: GO BACK; parameters: none; 2018-07-30 14:29:56.141
command: TAP; parameters: 231, 1568; 2018-07-30 14:29:56.142; id: com.ppg.spunky_java:id/buttonJugar
command: TAKE XML SNAPSHOT; parameters: ./generated/ab5/2018-07-3014:29:57.514.xml; 2018-07-30 14:29:58.873
command: GETTING CURRENT FOCUS; parameters: none; 2018-07-30 14:29:58.908
CURRENT FOCUS: com.ppg.spunky_java/com.ppg.spunky_java.UnirseActivity
command: GETTING FOCUSED APP; parameters: none; 2018-07-30 14:29:58.953
FOCUSED ACTIVITY: com.ppg.spunky_java/.UnirseActivity
THE STATE HAS BEEN VISITED EARLIER
command: GO BACK; parameters: none; 2018-07-30 14:29:59.25
command: TAKE XML SNAPSHOT; parameters: ./generated/ab5/2018-07-3014:30:00.267.xml; 2018-07-30 14:30:01.605
command: GETTING CURRENT FOCUS; parameters: none; 2018-07-30 14:30:01.644
CURRENT FOCUS: com.ppg.spunky_java/com.ppg.spunky_java.MainActivity
command: GETTING FOCUSED APP; parameters: none; 2018-07-30 14:30:01.683
FOCUSED ACTIVITY: com.ppg.spunky_java/.MainActivity
THE STATE HAS BEEN VISITED EARLIER
command: TAP; parameters: 110, 1394; 2018-07-30 14:30:01.724; id: com.ppg.spunky_java:id/BCrear
command: TAKE XML SNAPSHOT; parameters: ./generated/ab5/2018-07-3014:30:03.065.xml; 2018-07-30 14:30:04.436
command: GETTING CURRENT FOCUS; parameters: none; 2018-07-30 14:30:04.483
CURRENT FOCUS: com.ppg.spunky_java/com.ppg.spunky_java.EnConstruccionActivity
command: GETTING FOCUSED APP; parameters: none; 2018-07-30 14:30:04.534
FOCUSED ACTIVITY: com.ppg.spunky_java/.EnConstruccionActivity
command: PULL SCREENSHOT; parameters: /sdcard/2018-07-3014:30:03.065.png, /sdcard/2018-07-3014:30:03.065.png, ./generated/ab5/2018-07-3014:30:03.065.png; 2018-07-30 14:30:05.129
command: GO BACK; parameters: none; 2018-07-30 14:30:05.399
command: TAKE XML SNAPSHOT; parameters: ./generated/ab5/2018-07-3014:30:06.394.xml; 2018-07-30 14:30:07.721
command: GETTING CURRENT FOCUS; parameters: none; 2018-07-30 14:30:07.763
CURRENT FOCUS: com.ppg.spunky_java/com.ppg.spunky_java.MainActivity
command: GETTING FOCUSED APP; parameters: none; 2018-07-30 14:30:07.802
FOCUSED ACTIVITY: com.ppg.spunky_java/.MainActivity
THE STATE HAS BEEN VISITED EARLIER
command: GO BACK; parameters: none; 2018-07-30 14:30:08.083
END OF EXECUTION