PROJECT NAME: ab5
EXECUTION METHOD: 1. DFS (Depth-first search mode)
ANDROID VERSION: 8.1.0
APK: ./androidApps/Spunky.apk
STARTING DATE: 2018-07-30 14:29:00.625
CURRENT ORIENTATION: Portrait
DEVICE RESOLUTION: 420
DEVICE DIMENSIONS: 1080x1920
SENSORS: 
reqGlEsVersion=0x0
android.hardware.audio.output
android.hardware.camera
android.hardware.camera.any
android.hardware.faketouch
android.hardware.fingerprint
android.hardware.location
android.hardware.location.gps
android.hardware.location.network
android.hardware.microphone
android.hardware.ram.normal
android.hardware.screen.landscape
android.hardware.screen.portrait
android.hardware.sensor.accelerometer
android.hardware.sensor.ambient_temperature
android.hardware.sensor.barometer
android.hardware.sensor.compass
android.hardware.sensor.gyroscope
android.hardware.sensor.light
android.hardware.sensor.proximity
android.hardware.sensor.relative_humidity
android.hardware.telephony
android.hardware.telephony.gsm
android.hardware.touchscreen
android.hardware.touchscreen.multitouch
android.hardware.touchscreen.multitouch.distinct
android.hardware.touchscreen.multitouch.jazzhand
android.hardware.usb.accessory
android.software.app_widgets
android.software.autofill
android.software.backup
android.software.connectionservice
android.software.cts
android.software.device_admin
android.software.home_screen
android.software.input_methods
android.software.live_wallpaper
android.software.managed_users
android.software.midi
android.software.picture_in_picture
android.software.print
android.software.voice_recognizers
android.software.webview
com.google.android.apps.dialer.SUPPORTED
com.google.android.feature.EXCHANGE_6_2
com.google.android.feature.GOOGLE_BUILD
com.google.android.feature.GOOGLE_EXPERIENCE
SERVICES: 
ACTIVITY MANAGER SERVICES (dumpsys activity services)
  (nothing)
FINISH DATE: 2018-07-30 14:30:08.133
